<!DOCTYPE html PUBLIC "-//W3C//DTD XHTML 1.1//EN" "http://www.w3.org/TR/xhtml11/DTD/xhtml11.dtd">
<html xmlns="http://www.w3.org/1999/xhtml">
<head>
<meta http-equiv="content-type" content="text/html; charset=UTF-8"/>
<title>TestNG Report</title>
<style type="text/css">table {margin-bottom:10px;border-collapse:collapse;empty-cells:show}th,td {border:1px solid #009;padding:.25em .5em}th {vertical-align:bottom}td {vertical-align:top}table a {font-weight:bold}.stripe td {background-color: #E6EBF9}.num {text-align:right}.passedodd td {background-color: #3F3}.passedeven td {background-color: #0A0}.skippedodd td {background-color: #DDD}.skippedeven td {background-color: #CCC}.failedodd td,.attn {background-color: #F33}.failedeven td,.stripe .attn {background-color: #D00}.stacktrace {white-space:pre;font-family:monospace}.totop {font-size:85%;text-align:center;border-bottom:2px solid #000}.invisible {display:none}</style>
</head>
<body>
<table>
<tr><th>Test</th><th># Passed</th><th># Skipped</th><th># Failed</th><th>Time (ms)</th><th>Included Groups</th><th>Excluded Groups</th></tr>
<tr><th colspan="7">Suite</th></tr>
<tr><td><a href="#t0">Test</a></td><td class="num">14</td><td class="num">0</td><td class="num attn">8</td><td class="num">1,245,962</td><td></td><td></td></tr>
</table>
<table id='summary'><thead><tr><th>Class</th><th>Method</th><th>Start</th><th>Time (ms)</th></tr></thead><tbody><tr><th colspan="4">Suite</th></tr></tbody><tbody id="t0"><tr><th colspan="4">Test &#8212; failed</th></tr><tr class="failedeven"><td rowspan="1">login.LoginForgtPwd</td><td><a href="#m0">runFgtPwd</a></td><td rowspan="1">1540497618221</td><td rowspan="1">87789</td></tr><tr class="failedodd"><td rowspan="1">login.LoginwithGoogle</td><td><a href="#m1">runLoginWithGoogle</a></td><td rowspan="1">1540497589320</td><td rowspan="1">28838</td></tr><tr class="failedeven"><td rowspan="6">searchFlight.SearchFlight</td><td><a href="#m2">multiCitySearch</a></td><td rowspan="1">1540497975651</td><td rowspan="1">47891</td></tr><tr class="failedeven"><td><a href="#m3">oneWaySearch</a></td><td rowspan="2">1540498221901</td><td rowspan="2">65672</td></tr><tr class="failedeven"><td><a href="#m4">oneWaySearch</a></td></tr><tr class="failedeven"><td><a href="#m5">twoWaySearch</a></td><td rowspan="3">1540498359027</td><td rowspan="3">135818</td></tr><tr class="failedeven"><td><a href="#m6">twoWaySearch</a></td></tr><tr class="failedeven"><td><a href="#m7">twoWaySearch</a></td></tr><tr><th colspan="4">Test &#8212; passed</th></tr><tr class="passedeven"><td rowspan="6">login.Login</td><td><a href="#m8">runLogin</a></td><td rowspan="6">1540497503401</td><td rowspan="6">15551</td></tr><tr class="passedeven"><td><a href="#m9">runLogin</a></td></tr><tr class="passedeven"><td><a href="#m10">runLogin</a></td></tr><tr class="passedeven"><td><a href="#m11">runLogin</a></td></tr><tr class="passedeven"><td><a href="#m12">runLogin</a></td></tr><tr class="passedeven"><td><a href="#m13">runLogin</a></td></tr><tr class="passedodd"><td rowspan="1">login.LoginForgtPwd</td><td><a href="#m14">runFgtPwd</a></td><td rowspan="1">1540497706026</td><td rowspan="1">71795</td></tr><tr class="passedeven"><td rowspan="1">login.LoginwithGoogle</td><td><a href="#m15">runLoginWithGoogle</a></td><td rowspan="1">1540497538490</td><td rowspan="1">50787</td></tr><tr class="passedodd"><td rowspan="1">searchFlight.SearchFlight</td><td><a href="#m16">oneWaySearch</a></td><td rowspan="1">1540498023933</td><td rowspan="1">139553</td></tr><tr class="passedeven"><td rowspan="5">signup.Signup</td><td><a href="#m17">runSignUp</a></td><td rowspan="5">1540497815674</td><td rowspan="5">24947</td></tr><tr class="passedeven"><td><a href="#m18">runSignUp</a></td></tr><tr class="passedeven"><td><a href="#m19">runSignUp</a></td></tr><tr class="passedeven"><td><a href="#m20">runSignUp</a></td></tr><tr class="passedeven"><td><a href="#m21">runSignUp</a></td></tr></tbody>
</table>
<h2>Test</h2><h3 id="m0">login.LoginForgtPwd#runFgtPwd</h3><table class="result"><tr class="param"><th>Parameter #1</th><th>Parameter #2</th></tr><tr class="param stripe"><td>9876543120</td><td>valid1</td></tr><tr><th colspan="2">Exception</th></tr><tr><td colspan="2"><div class="stacktrace">org.openqa.selenium.ElementNotInteractableException: Element &lt;button class=&quot;btn btn-primary lato-bold ch_show_popup&quot;&gt; could not be scrolled into view
Build info: version: &apos;3.14.0&apos;, revision: &apos;aacccce0&apos;, time: &apos;2018-08-02T20:05:20.749Z&apos;
System info: host: &apos;SHREY-PC&apos;, ip: &apos;192.168.1.103&apos;, os.name: &apos;Windows 10&apos;, os.arch: &apos;amd64&apos;, os.version: &apos;10.0&apos;, java.version: &apos;1.8.0_192&apos;
Driver info: org.openqa.selenium.firefox.FirefoxDriver
Capabilities {acceptInsecureCerts: true, browserName: firefox, browserVersion: 62.0.3, javascriptEnabled: true, moz:accessibilityChecks: false, moz:geckodriverVersion: 0.23.0, moz:headless: false, moz:processID: 7712, moz:profile: C:\Users\Shrey\AppData\Loca..., moz:useNonSpecCompliantPointerOrigin: false, moz:webdriverClick: true, pageLoadStrategy: normal, platform: XP, platformName: XP, platformVersion: 10.0, rotatable: false, timeouts: {implicit: 0, pageLoad: 300000, script: 30000}}
Session ID: 9e5de15c-b79d-42ab-9c7d-57d792f4aea1
	at org.openqa.selenium.remote.http.W3CHttpResponseCodec.createException(W3CHttpResponseCodec.java:187)
	at org.openqa.selenium.remote.http.W3CHttpResponseCodec.decode(W3CHttpResponseCodec.java:122)
	at org.openqa.selenium.remote.http.W3CHttpResponseCodec.decode(W3CHttpResponseCodec.java:49)
	at org.openqa.selenium.remote.HttpCommandExecutor.execute(HttpCommandExecutor.java:158)
	at org.openqa.selenium.remote.service.DriverCommandExecutor.execute(DriverCommandExecutor.java:83)
	at org.openqa.selenium.remote.RemoteWebDriver.execute(RemoteWebDriver.java:548)
	at org.openqa.selenium.remote.RemoteWebElement.execute(RemoteWebElement.java:276)
	at org.openqa.selenium.remote.RemoteWebElement.click(RemoteWebElement.java:83)
	at org.openqa.selenium.support.pagefactory.internal.LocatingElementHandler.invoke(LocatingElementHandler.java:51)
	at com.sun.proxy.$Proxy13.click(Unknown Source)
	at pom.LoginfrtpwdPOM.FrtPwd(LoginfrtpwdPOM.java:67)
	at login.LoginForgtPwd.runFgtPwd(LoginForgtPwd.java:34)
... Removed 32 stack frames</div></td></tr></table><p class="totop"><a href="#summary">back to summary</a></p>
<h3 id="m1">login.LoginwithGoogle#runLoginWithGoogle</h3><table class="result"><tr class="param"><th>Parameter #1</th><th>Parameter #2</th></tr><tr class="param stripe"><td>name</td><td>qwerty123</td></tr><tr><th colspan="2">Exception</th></tr><tr><td colspan="2"><div class="stacktrace">org.openqa.selenium.NoSuchElementException: Unable to locate element: *[name=&apos;password&apos;]
For documentation on this error, please visit: http://seleniumhq.org/exceptions/no_such_element.html
Build info: version: &apos;3.14.0&apos;, revision: &apos;aacccce0&apos;, time: &apos;2018-08-02T20:05:20.749Z&apos;
System info: host: &apos;SHREY-PC&apos;, ip: &apos;192.168.1.103&apos;, os.name: &apos;Windows 10&apos;, os.arch: &apos;amd64&apos;, os.version: &apos;10.0&apos;, java.version: &apos;1.8.0_192&apos;
Driver info: org.openqa.selenium.firefox.FirefoxDriver
Capabilities {acceptInsecureCerts: true, browserName: firefox, browserVersion: 62.0.3, javascriptEnabled: true, moz:accessibilityChecks: false, moz:geckodriverVersion: 0.23.0, moz:headless: false, moz:processID: 8872, moz:profile: C:\Users\Shrey\AppData\Loca..., moz:useNonSpecCompliantPointerOrigin: false, moz:webdriverClick: true, pageLoadStrategy: normal, platform: XP, platformName: XP, platformVersion: 10.0, rotatable: false, timeouts: {implicit: 0, pageLoad: 300000, script: 30000}}
Session ID: d10b6aea-2a32-4e2f-b410-52f5bba313fa
*** Element info: {Using=name, value=password}
	at org.openqa.selenium.remote.http.W3CHttpResponseCodec.createException(W3CHttpResponseCodec.java:187)
	at org.openqa.selenium.remote.http.W3CHttpResponseCodec.decode(W3CHttpResponseCodec.java:122)
	at org.openqa.selenium.remote.http.W3CHttpResponseCodec.decode(W3CHttpResponseCodec.java:49)
	at org.openqa.selenium.remote.HttpCommandExecutor.execute(HttpCommandExecutor.java:158)
	at org.openqa.selenium.remote.service.DriverCommandExecutor.execute(DriverCommandExecutor.java:83)
	at org.openqa.selenium.remote.RemoteWebDriver.execute(RemoteWebDriver.java:548)
	at org.openqa.selenium.remote.RemoteWebDriver.findElement(RemoteWebDriver.java:322)
	at org.openqa.selenium.remote.RemoteWebDriver.findElementByName(RemoteWebDriver.java:400)
	at org.openqa.selenium.By$ByName.findElement(By.java:284)
	at org.openqa.selenium.remote.RemoteWebDriver.findElement(RemoteWebDriver.java:314)
	at pom.LoginWithGooglePOM.googleAccount(LoginWithGooglePOM.java:58)
	at login.LoginwithGoogle.runLoginWithGoogle(LoginwithGoogle.java:33)
... Removed 29 stack frames</div></td></tr></table><p class="totop"><a href="#summary">back to summary</a></p>
<h3 id="m2">searchFlight.SearchFlight#multiCitySearch</h3><table class="result"><tr><th>Exception</th></tr><tr><td><div class="stacktrace">java.lang.AssertionError: expected [The &apos;Departure City&apos; and &apos;Destination City&apos; cannot be same. Please re-type.] but found []
	at pom.SFlightMultiCityPOM.addCity(SFlightMultiCityPOM.java:324)
	at searchFlight.SearchFlight.multiCitySearch(SearchFlight.java:115)
... Removed 31 stack frames</div></td></tr></table><p class="totop"><a href="#summary">back to summary</a></p>
<h3 id="m3">searchFlight.SearchFlight#oneWaySearch</h3><table class="result"><tr class="param"><th>Parameter #1</th><th>Parameter #2</th><th>Parameter #3</th><th>Parameter #4</th><th>Parameter #5</th></tr><tr class="param stripe"><td>Bombay</td><td>Pune</td><td>05-04-2018</td><td>6-3-1</td><td>Buisness</td></tr><tr><th colspan="5">Exception</th></tr><tr><td colspan="5"><div class="stacktrace">org.openqa.selenium.NoSuchElementException: Unable to locate element: /html/body/div[2]/div[3]/div[3]/div/div[9]/div[2]/ul/li[0]
For documentation on this error, please visit: http://seleniumhq.org/exceptions/no_such_element.html
Build info: version: &apos;3.14.0&apos;, revision: &apos;aacccce0&apos;, time: &apos;2018-08-02T20:05:20.749Z&apos;
System info: host: &apos;SHREY-PC&apos;, ip: &apos;192.168.1.103&apos;, os.name: &apos;Windows 10&apos;, os.arch: &apos;amd64&apos;, os.version: &apos;10.0&apos;, java.version: &apos;1.8.0_192&apos;
Driver info: org.openqa.selenium.firefox.FirefoxDriver
Capabilities {acceptInsecureCerts: true, browserName: firefox, browserVersion: 62.0.3, javascriptEnabled: true, moz:accessibilityChecks: false, moz:geckodriverVersion: 0.23.0, moz:headless: false, moz:processID: 27480, moz:profile: C:\Users\Shrey\AppData\Loca..., moz:useNonSpecCompliantPointerOrigin: false, moz:webdriverClick: true, pageLoadStrategy: normal, platform: XP, platformName: XP, platformVersion: 10.0, rotatable: false, timeouts: {implicit: 0, pageLoad: 300000, script: 30000}}
Session ID: a1013551-9182-4cfb-8432-b0069f28ed9d
*** Element info: {Using=xpath, value=/html/body/div[2]/div[3]/div[3]/div/div[9]/div[2]/ul/li[0]}
	at org.openqa.selenium.remote.http.W3CHttpResponseCodec.createException(W3CHttpResponseCodec.java:187)
	at org.openqa.selenium.remote.http.W3CHttpResponseCodec.decode(W3CHttpResponseCodec.java:122)
	at org.openqa.selenium.remote.http.W3CHttpResponseCodec.decode(W3CHttpResponseCodec.java:49)
	at org.openqa.selenium.remote.HttpCommandExecutor.execute(HttpCommandExecutor.java:158)
	at org.openqa.selenium.remote.service.DriverCommandExecutor.execute(DriverCommandExecutor.java:83)
	at org.openqa.selenium.remote.RemoteWebDriver.execute(RemoteWebDriver.java:548)
	at org.openqa.selenium.remote.RemoteWebDriver.findElement(RemoteWebDriver.java:322)
	at org.openqa.selenium.remote.RemoteWebDriver.findElementByXPath(RemoteWebDriver.java:424)
	at org.openqa.selenium.By$ByXPath.findElement(By.java:353)
	at org.openqa.selenium.remote.RemoteWebDriver.findElement(RemoteWebDriver.java:314)
	at pom.SFlightOneWayPOM.Passengers(SFlightOneWayPOM.java:186)
	at pom.SFlightOneWayPOM.searchFlight(SFlightOneWayPOM.java:96)
	at searchFlight.SearchFlight.oneWaySearch(SearchFlight.java:40)
... Removed 28 stack frames</div></td></tr></table><p class="totop"><a href="#summary">back to summary</a></p>
<h3 id="m4">searchFlight.SearchFlight#oneWaySearch</h3><table class="result"><tr class="param"><th>Parameter #1</th><th>Parameter #2</th><th>Parameter #3</th><th>Parameter #4</th><th>Parameter #5</th></tr><tr class="param stripe"><td>Bombay</td><td>Bombay</td><td>22-03-2018</td><td>6-2-1</td><td>Premium Economy</td></tr><tr><th colspan="5">Exception</th></tr><tr><td colspan="5"><div class="stacktrace">java.lang.StringIndexOutOfBoundsException: String index out of range: 1
	at java.lang.String.substring(String.java:1963)
	at pom.SFlightOneWayPOM.DepartDateSelect(SFlightOneWayPOM.java:214)
	at pom.SFlightOneWayPOM.searchFlight(SFlightOneWayPOM.java:87)
	at searchFlight.SearchFlight.oneWaySearch(SearchFlight.java:40)
... Removed 25 stack frames</div></td></tr></table><p class="totop"><a href="#summary">back to summary</a></p>
<h3 id="m5">searchFlight.SearchFlight#twoWaySearch</h3><table class="result"><tr class="param"><th>Parameter #1</th><th>Parameter #2</th><th>Parameter #3</th><th>Parameter #4</th><th>Parameter #5</th><th>Parameter #6</th></tr><tr class="param stripe"><td>Bombay</td><td>Bombay</td><td>22-03-2018</td><td>23-03-2018</td><td>6-2-1</td><td>Premium Economy</td></tr><tr><th colspan="6">Exception</th></tr><tr><td colspan="6"><div class="stacktrace">org.openqa.selenium.NoSuchElementException: Unable to locate element: //input[@ng-model=&apos;rData.emailId&apos;]
For documentation on this error, please visit: http://seleniumhq.org/exceptions/no_such_element.html
Build info: version: &apos;3.14.0&apos;, revision: &apos;aacccce0&apos;, time: &apos;2018-08-02T20:05:20.749Z&apos;
System info: host: &apos;SHREY-PC&apos;, ip: &apos;192.168.1.103&apos;, os.name: &apos;Windows 10&apos;, os.arch: &apos;amd64&apos;, os.version: &apos;10.0&apos;, java.version: &apos;1.8.0_192&apos;
Driver info: org.openqa.selenium.firefox.FirefoxDriver
Capabilities {acceptInsecureCerts: true, browserName: firefox, browserVersion: 62.0.3, javascriptEnabled: true, moz:accessibilityChecks: false, moz:geckodriverVersion: 0.23.0, moz:headless: false, moz:processID: 15424, moz:profile: C:\Users\Shrey\AppData\Loca..., moz:useNonSpecCompliantPointerOrigin: false, moz:webdriverClick: true, pageLoadStrategy: normal, platform: XP, platformName: XP, platformVersion: 10.0, rotatable: false, timeouts: {implicit: 0, pageLoad: 300000, script: 30000}}
Session ID: 2b9c5c64-3747-46b9-869b-5246be63536d
*** Element info: {Using=xpath, value=//input[@ng-model=&apos;rData.emailId&apos;]}
	at org.openqa.selenium.remote.http.W3CHttpResponseCodec.createException(W3CHttpResponseCodec.java:187)
	at org.openqa.selenium.remote.http.W3CHttpResponseCodec.decode(W3CHttpResponseCodec.java:122)
	at org.openqa.selenium.remote.http.W3CHttpResponseCodec.decode(W3CHttpResponseCodec.java:49)
	at org.openqa.selenium.remote.HttpCommandExecutor.execute(HttpCommandExecutor.java:158)
	at org.openqa.selenium.remote.service.DriverCommandExecutor.execute(DriverCommandExecutor.java:83)
	at org.openqa.selenium.remote.RemoteWebDriver.execute(RemoteWebDriver.java:548)
	at org.openqa.selenium.remote.RemoteWebDriver.findElement(RemoteWebDriver.java:322)
	at org.openqa.selenium.remote.RemoteWebDriver.findElementByXPath(RemoteWebDriver.java:424)
	at org.openqa.selenium.By$ByXPath.findElement(By.java:353)
	at org.openqa.selenium.remote.RemoteWebDriver.findElement(RemoteWebDriver.java:314)
	at org.openqa.selenium.support.pagefactory.DefaultElementLocator.findElement(DefaultElementLocator.java:69)
	at org.openqa.selenium.support.pagefactory.internal.LocatingElementHandler.invoke(LocatingElementHandler.java:38)
	at com.sun.proxy.$Proxy13.sendKeys(Unknown Source)
	at pom.BookingGuestPOM.bookFlight(BookingGuestPOM.java:27)
	at searchFlight.SearchFlight.bookFlight(SearchFlight.java:131)
	at searchFlight.SearchFlight.twoWaySearch(SearchFlight.java:76)
... Removed 28 stack frames</div></td></tr></table><p class="totop"><a href="#summary">back to summary</a></p>
<h3 id="m6">searchFlight.SearchFlight#twoWaySearch</h3><table class="result"><tr class="param"><th>Parameter #1</th><th>Parameter #2</th><th>Parameter #3</th><th>Parameter #4</th><th>Parameter #5</th><th>Parameter #6</th></tr><tr class="param stripe"><td>Bombay</td><td>Pune</td><td>05-04-2018</td><td>06-04-2018</td><td>6-3-1</td><td>Buisness</td></tr><tr><th colspan="6">Exception</th></tr><tr><td colspan="6"><div class="stacktrace">org.openqa.selenium.NoSuchElementException: Unable to locate element: /html/body/div[2]/div[3]/div[3]/div/div[9]/div[2]/ul/li[0]
For documentation on this error, please visit: http://seleniumhq.org/exceptions/no_such_element.html
Build info: version: &apos;3.14.0&apos;, revision: &apos;aacccce0&apos;, time: &apos;2018-08-02T20:05:20.749Z&apos;
System info: host: &apos;SHREY-PC&apos;, ip: &apos;192.168.1.103&apos;, os.name: &apos;Windows 10&apos;, os.arch: &apos;amd64&apos;, os.version: &apos;10.0&apos;, java.version: &apos;1.8.0_192&apos;
Driver info: org.openqa.selenium.firefox.FirefoxDriver
Capabilities {acceptInsecureCerts: true, browserName: firefox, browserVersion: 62.0.3, javascriptEnabled: true, moz:accessibilityChecks: false, moz:geckodriverVersion: 0.23.0, moz:headless: false, moz:processID: 27204, moz:profile: C:\Users\Shrey\AppData\Loca..., moz:useNonSpecCompliantPointerOrigin: false, moz:webdriverClick: true, pageLoadStrategy: normal, platform: XP, platformName: XP, platformVersion: 10.0, rotatable: false, timeouts: {implicit: 0, pageLoad: 300000, script: 30000}}
Session ID: d7c60747-9ca6-4da5-aecb-d7c05a171578
*** Element info: {Using=xpath, value=/html/body/div[2]/div[3]/div[3]/div/div[9]/div[2]/ul/li[0]}
	at org.openqa.selenium.remote.http.W3CHttpResponseCodec.createException(W3CHttpResponseCodec.java:187)
	at org.openqa.selenium.remote.http.W3CHttpResponseCodec.decode(W3CHttpResponseCodec.java:122)
	at org.openqa.selenium.remote.http.W3CHttpResponseCodec.decode(W3CHttpResponseCodec.java:49)
	at org.openqa.selenium.remote.HttpCommandExecutor.execute(HttpCommandExecutor.java:158)
	at org.openqa.selenium.remote.service.DriverCommandExecutor.execute(DriverCommandExecutor.java:83)
	at org.openqa.selenium.remote.RemoteWebDriver.execute(RemoteWebDriver.java:548)
	at org.openqa.selenium.remote.RemoteWebDriver.findElement(RemoteWebDriver.java:322)
	at org.openqa.selenium.remote.RemoteWebDriver.findElementByXPath(RemoteWebDriver.java:424)
	at org.openqa.selenium.By$ByXPath.findElement(By.java:353)
	at org.openqa.selenium.remote.RemoteWebDriver.findElement(RemoteWebDriver.java:314)
	at pom.SFlightTwoWayPOM.Passengers(SFlightTwoWayPOM.java:199)
	at pom.SFlightTwoWayPOM.searchFlight(SFlightTwoWayPOM.java:118)
	at searchFlight.SearchFlight.twoWaySearch(SearchFlight.java:73)
... Removed 28 stack frames</div></td></tr></table><p class="totop"><a href="#summary">back to summary</a></p>
<h3 id="m7">searchFlight.SearchFlight#twoWaySearch</h3><table class="result"><tr class="param"><th>Parameter #1</th><th>Parameter #2</th><th>Parameter #3</th><th>Parameter #4</th><th>Parameter #5</th><th>Parameter #6</th></tr><tr class="param stripe"><td>Bombay</td><td>Delhi</td><td>13-12-2018</td><td>15-12-2018</td><td>4-2-1</td><td>Economy</td></tr><tr><th colspan="6">Exception</th></tr><tr><td colspan="6"><div class="stacktrace">org.openqa.selenium.NoSuchElementException: Unable to locate element: //input[@ng-model=&apos;rData.emailId&apos;]
For documentation on this error, please visit: http://seleniumhq.org/exceptions/no_such_element.html
Build info: version: &apos;3.14.0&apos;, revision: &apos;aacccce0&apos;, time: &apos;2018-08-02T20:05:20.749Z&apos;
System info: host: &apos;SHREY-PC&apos;, ip: &apos;192.168.1.103&apos;, os.name: &apos;Windows 10&apos;, os.arch: &apos;amd64&apos;, os.version: &apos;10.0&apos;, java.version: &apos;1.8.0_192&apos;
Driver info: org.openqa.selenium.firefox.FirefoxDriver
Capabilities {acceptInsecureCerts: true, browserName: firefox, browserVersion: 62.0.3, javascriptEnabled: true, moz:accessibilityChecks: false, moz:geckodriverVersion: 0.23.0, moz:headless: false, moz:processID: 21488, moz:profile: C:\Users\Shrey\AppData\Loca..., moz:useNonSpecCompliantPointerOrigin: false, moz:webdriverClick: true, pageLoadStrategy: normal, platform: XP, platformName: XP, platformVersion: 10.0, rotatable: false, timeouts: {implicit: 0, pageLoad: 300000, script: 30000}}
Session ID: 1ed01f03-985a-4214-8bd5-f4b382bff560
*** Element info: {Using=xpath, value=//input[@ng-model=&apos;rData.emailId&apos;]}
	at org.openqa.selenium.remote.http.W3CHttpResponseCodec.createException(W3CHttpResponseCodec.java:187)
	at org.openqa.selenium.remote.http.W3CHttpResponseCodec.decode(W3CHttpResponseCodec.java:122)
	at org.openqa.selenium.remote.http.W3CHttpResponseCodec.decode(W3CHttpResponseCodec.java:49)
	at org.openqa.selenium.remote.HttpCommandExecutor.execute(HttpCommandExecutor.java:158)
	at org.openqa.selenium.remote.service.DriverCommandExecutor.execute(DriverCommandExecutor.java:83)
	at org.openqa.selenium.remote.RemoteWebDriver.execute(RemoteWebDriver.java:548)
	at org.openqa.selenium.remote.RemoteWebDriver.findElement(RemoteWebDriver.java:322)
	at org.openqa.selenium.remote.RemoteWebDriver.findElementByXPath(RemoteWebDriver.java:424)
	at org.openqa.selenium.By$ByXPath.findElement(By.java:353)
	at org.openqa.selenium.remote.RemoteWebDriver.findElement(RemoteWebDriver.java:314)
	at org.openqa.selenium.support.pagefactory.DefaultElementLocator.findElement(DefaultElementLocator.java:69)
	at org.openqa.selenium.support.pagefactory.internal.LocatingElementHandler.invoke(LocatingElementHandler.java:38)
	at com.sun.proxy.$Proxy13.sendKeys(Unknown Source)
	at pom.BookingGuestPOM.bookFlight(BookingGuestPOM.java:27)
	at searchFlight.SearchFlight.bookFlight(SearchFlight.java:131)
	at searchFlight.SearchFlight.twoWaySearch(SearchFlight.java:76)
... Removed 28 stack frames</div></td></tr></table><p class="totop"><a href="#summary">back to summary</a></p>
<h3 id="m8">login.Login#runLogin</h3><table class="result"><tr class="param"><th>Parameter #1</th><th>Parameter #2</th></tr><tr class="param stripe"><td>956680364</td><td>srilakanu123</td></tr></table><p class="totop"><a href="#summary">back to summary</a></p>
<h3 id="m9">login.Login#runLogin</h3><table class="result"><tr class="param"><th>Parameter #1</th><th>Parameter #2</th></tr><tr class="param stripe"><td>anu3sridharan@gmail.com</td><td>srilakanu123</td></tr></table><p class="totop"><a href="#summary">back to summary</a></p>
<h3 id="m10">login.Login#runLogin</h3><table class="result"><tr class="param"><th>Parameter #1</th><th>Parameter #2</th></tr><tr class="param stripe"><td>9482256686</td><td>Test007</td></tr></table><p class="totop"><a href="#summary">back to summary</a></p>
<h3 id="m11">login.Login#runLogin</h3><table class="result"><tr class="param"><th>Parameter #1</th><th>Parameter #2</th></tr><tr class="param stripe"><td>anu3sridharan@gmail.com</td><td>Srilakanu123</td></tr></table><p class="totop"><a href="#summary">back to summary</a></p>
<h3 id="m12">login.Login#runLogin</h3><table class="result"><tr class="param"><th>Parameter #1</th><th>Parameter #2</th></tr><tr class="param stripe"><td>9566803642</td><td>Srilakanu123</td></tr></table><p class="totop"><a href="#summary">back to summary</a></p>
<h3 id="m13">login.Login#runLogin</h3><table class="result"><tr class="param"><th>Parameter #1</th><th>Parameter #2</th></tr><tr class="param stripe"><td>una@gmail.com</td><td>srilakanu123</td></tr></table><p class="totop"><a href="#summary">back to summary</a></p>
<h3 id="m14">login.LoginForgtPwd#runFgtPwd</h3><table class="result"><tr class="param"><th>Parameter #1</th><th>Parameter #2</th></tr><tr class="param stripe"><td>9876543121</td><td>valid2</td></tr></table><p class="totop"><a href="#summary">back to summary</a></p>
<h3 id="m15">login.LoginwithGoogle#runLoginWithGoogle</h3><table class="result"><tr class="param"><th>Parameter #1</th><th>Parameter #2</th></tr><tr class="param stripe"><td>anu3sridharan</td><td>invalid1</td></tr></table><p class="totop"><a href="#summary">back to summary</a></p>
<h3 id="m16">searchFlight.SearchFlight#oneWaySearch</h3><table class="result"><tr class="param"><th>Parameter #1</th><th>Parameter #2</th><th>Parameter #3</th><th>Parameter #4</th><th>Parameter #5</th></tr><tr class="param stripe"><td>Bombay</td><td>Delhi</td><td>13-12-2018</td><td>4-2-1</td><td>Economy</td></tr></table><p class="totop"><a href="#summary">back to summary</a></p>
<h3 id="m17">signup.Signup#runSignUp</h3><table class="result"><tr class="param"><th>Parameter #1</th><th>Parameter #2</th><th>Parameter #3</th></tr><tr class="param stripe"><td>anu31sridharan@gmail.com</td><td>9443039109</td><td>abcd</td></tr></table><p class="totop"><a href="#summary">back to summary</a></p>
<h3 id="m18">signup.Signup#runSignUp</h3><table class="result"><tr class="param"><th>Parameter #1</th><th>Parameter #2</th><th>Parameter #3</th></tr><tr class="param stripe"><td>anu31sridharan@gmail.com</td><td>9443039109</td><td>nonumeric</td></tr></table><p class="totop"><a href="#summary">back to summary</a></p>
<h3 id="m19">signup.Signup#runSignUp</h3><table class="result"><tr class="param"><th>Parameter #1</th><th>Parameter #2</th><th>Parameter #3</th></tr><tr class="param stripe"><td>premammanaa1236@gmail.com</td><td>95668036</td><td>newuser123</td></tr></table><p class="totop"><a href="#summary">back to summary</a></p>
<h3 id="m20">signup.Signup#runSignUp</h3><table class="result"><tr class="param"><th>Parameter #1</th><th>Parameter #2</th><th>Parameter #3</th></tr><tr class="param stripe"><td>baresulapulapradu23563@gmail.com</td><td>9566803642</td><td>hello123455</td></tr></table><p class="totop"><a href="#summary">back to summary</a></p>
<h3 id="m21">signup.Signup#runSignUp</h3><table class="result"><tr class="param"><th>Parameter #1</th><th>Parameter #2</th><th>Parameter #3</th></tr><tr class="param stripe"><td>anu3sridharan@gmail.com</td><td>956680364</td><td>lessthan10phnum</td></tr></table><p class="totop"><a href="#summary">back to summary</a></p>
</body>
</html>
